<?xml version="1.0" encoding="UTF-8"?>
<testsuite name="DemoTest" tests="3" skipped="0" failures="0" errors="0" timestamp="2019-05-10T13:55:00" hostname="osxs-MacBook-Pro.local" time="0.002">
  <properties/>
  <testcase name="test_sub" classname="DemoTest" time="0.002"/>
  <testcase name="test_sum" classname="DemoTest" time="0.0"/>
  <testcase name="test_multiple" classname="DemoTest" time="0.0"/>
  <system-out><![CDATA[]]></system-out>
  <system-err><![CDATA[]]></system-err>
</testsuite>
